<?xml version="1.0" encoding="UTF-8"?>
<!-- Generated by org.testng.reporters.JUnitReportReporter -->
<testsuite hostname="Shivans-Air" failures="0" tests="1" name="test.ListCustomerTest" time="15.131" errors="0" timestamp="2023-05-09T21:01:37 MDT" skipped="0">
  <testcase classname="test.ListCustomerTest" name="userShouldBeAbleToAddCustomerFromListCustomer" time="15.131"/>
  <system-out/>
</testsuite> <!-- test.ListCustomerTest -->
