<?xml version="1.0" encoding="UTF-8"?>
<!-- Generated by org.testng.reporters.JUnitReportReporter -->
<testsuite hostname="Shivans-Air" failures="0" tests="1" name="test.AddCustomerTest" time="17.057" errors="0" timestamp="2023-05-09T19:07:31 MDT" skipped="0">
  <testcase classname="test.AddCustomerTest" name="userShouldBeAbleToAddCustomer" time="17.057"/>
  <system-out/>
</testsuite> <!-- test.AddCustomerTest -->
