<?xml version="1.0" encoding="UTF-8"?>
<!-- Generated by org.testng.reporters.JUnitReportReporter -->
<testsuite hostname="Shivans-Air" failures="0" tests="1" name="test.LoginTest" time="4.969" errors="0" timestamp="2023-05-09T17:07:06 MDT" skipped="0">
  <testcase classname="test.LoginTest" name="userShouldBeAbleToLogIn" time="4.969"/>
  <system-out/>
</testsuite> <!-- test.LoginTest -->
